<?xml version="1.0" encoding="UTF-8"?>
<!-- Generated by org.testng.reporters.JUnitReportReporter -->
<testsuite hostname="DESKTOP-4NEHES3" failures="0" tests="4" name="test.web.Group" time="153.533" errors="0" timestamp="2022-10-03T15:06:03 IST" skipped="0">
  <testcase classname="test.web.Group" name="addGroup" time="90.182"/>
  <system-out>
    <![CDATA[Created Newautogroup1Successfully
Clicked on Back Button
Clicked on Search Icon
Clicked on Search Button
Searched forautogroup1
Getting Text from Dept list page =autogroup1
Verified Created Department Successfully]]>
  </system-out>
  <testcase classname="test.web.Group" name="addGroup" time="28.068"/>
  <system-out>
    <![CDATA[Created Newautogroup3Successfully
Clicked on Back Button
Clicked on Search Icon
Clicked on Search Button
Searched forautogroup3
Getting Text from Dept list page =autogroup3
Verified Created Department Successfully]]>
  </system-out>
  <testcase classname="test.web.Group" name="addGroup" time="27.873"/>
  <system-out>
    <![CDATA[Created Newautogroup2Successfully
Clicked on Back Button
Clicked on Search Icon
Clicked on Search Button
Searched forautogroup2
Getting Text from Dept list page =autogroup2
Verified Created Department Successfully]]>
  </system-out>
  <testcase classname="test.web.Group" name="searchGroup" time="7.410"/>
  <system-out>
    <![CDATA[Clicked on Search Icon
Entered TestNewGroup in Name box
Entered harmeet in Name box
Entered harmeet in Name box
Clicked on Search Button
Searched for TestNewGroup
Getting Text from Dept list page =TestNewGroup
Verified Created Department Successfully]]>
  </system-out>
</testsuite> <!-- test.web.Group -->
