<?xml version="1.0" encoding="UTF-8"?>
<!-- Generated by org.testng.reporters.JUnitReportReporter -->
<testsuite hostname="DESKTOP-4NEHES3" failures="0" tests="1" name="test.web.UserConfig" time="40.458" errors="0" timestamp="2022-10-03T15:16:33 IST" skipped="0">
  <testcase classname="test.web.UserConfig" name="searchUserConfig" time="40.458"/>
  <system-out>
    <![CDATA[Enter testum in "User Name" textbox
Enter Admin@123 in "Password" textbox
Click on "Login" button
Clicked on Search Icon
Entered TestNewUser in Name box
Entered harmeet in Name box
Entered harmeet in Name box
Entered TestNewDepartment in Name box
Entered TestNewGroup in Name box
Clicked on Search Button
Searched for TestNewUser
Fetched username = TestNewUser
Search User Configuration Successfully]]>
  </system-out>
</testsuite> <!-- test.web.UserConfig -->
